  Application.cpp
  game.cpp
  anotherPlayer.cpp
  enemy.cpp
  field.cpp
  message.cpp
  obstacle.cpp
  player.cpp
  TextureUI.cpp
  main.cpp
  MatchingScene.cpp
  TitleScene.cpp
  WalkThroughScene.cpp
C:\Users\daryu\Desktop\HAL\SS\NetworkClient\NetworkClient\scene\WalkThroughScene.cpp(124,37): warning C4244: '引数': 'uint64_t' から 'float' への変換です。データが失われる可能性があります。
  AssimpPerse.cpp
  BoneCombMatrix.cpp
  BoxDrawer.cpp
  C3DShape.cpp
  camera.cpp
  CAnimationData.cpp
  CAnimationMesh.cpp
  コードを生成中...
  コンパイル中...
  CAnimationMeshBlender.cpp
  CAnimationObject.cpp
  CapsuleDrawer.cpp
  CConeMesh.cpp
  CCylinderMesh.cpp
  CLineMesh.cpp
  collision.cpp
  ConeDrawer.cpp
  CPlane.cpp
  CShader.cpp
  CSprite.cpp
  CStaticMesh.cpp
  CStaticMeshRenderer.cpp
  CTexture.cpp
  CylinderDrawer.cpp
  DebugUI.cpp
  dx11helper.cpp
  imgui.cpp
  imgui_demo.cpp
  imgui_draw.cpp
  コードを生成中...
  コンパイル中...
  imgui_impl_dx11.cpp
  imgui_impl_win32.cpp
  imgui_tables.cpp
  imgui_widgets.cpp
  LineDrawer.cpp
  meshmanager.cpp
  ClientSystem.cpp
  DataBase.cpp
  MessageManager.cpp
  NetworkStats.cpp
  TCPManager.cpp
C:\Users\daryu\Desktop\HAL\SS\NetworkClient\NetworkClient\system\Network\TCPManager.cpp(10,31): warning C4244: '=': 'u_long' から 'uint16_t' への変換です。データが失われる可能性があります。
C:\Users\daryu\Desktop\HAL\SS\NetworkClient\NetworkClient\system\Network\TCPManager.cpp(11,31): warning C4244: '=': 'u_long' から 'uint16_t' への変換です。データが失われる可能性があります。
  UDPHandler.cpp
  renderer.cpp
  scenemanager.cpp
  SphereDrawer.cpp
  stb.cpp
  stbperlin.cpp
  TriangleDrawer.cpp
  utility.cpp
  terrain.cpp
  コードを生成中...
  NetworkClient.vcxproj -> C:\Users\daryu\Desktop\HAL\SS\NetworkClient\x64\Debug\NetworkClient.exe
